This is pdfTeX, Version 3.141592653-2.6-1.40.26 (TeX Live 2024) (preloaded format=pdflatex 2024.5.1)  3 AUG 2024 12:47
entering extended mode
 restricted \write18 enabled.
 %&-line parsing enabled.
**/Users/tejbirwason/jobber/cv/rendercv_output/tj_CV.tex
(/Users/tejbirwason/jobber/cv/rendercv_output/tj_CV.tex
LaTeX2e <2023-11-01> patch level 1
L3 programming layer <2024-03-14>

(/Users/tejbirwason/.asdf/installs/python/3.11.6/lib/python3.11/site-packages/r
endercv/tinytex-release/TinyTeX/texmf-dist/tex/latex/base/article.cls
Document Class: article 2023/05/17 v1.4n Standard LaTeX document class

(/Users/tejbirwason/.asdf/installs/python/3.11.6/lib/python3.11/site-packages/r
endercv/tinytex-release/TinyTeX/texmf-dist/tex/latex/base/size10.clo
File: size10.clo 2023/05/17 v1.4n Standard LaTeX file (size option)
)
\c@part=\count188
\c@section=\count189
\c@subsection=\count190
\c@subsubsection=\count191
\c@paragraph=\count192
\c@subparagraph=\count193
\c@figure=\count194
\c@table=\count195
\abovecaptionskip=\skip48
\belowcaptionskip=\skip49
\bibindent=\dimen140
)
(/Users/tejbirwason/.asdf/installs/python/3.11.6/lib/python3.11/site-packages/r
endercv/tinytex-release/TinyTeX/texmf-dist/tex/latex/geometry/geometry.sty
Package: geometry 2020/01/02 v5.9 Page Geometry

(/Users/tejbirwason/.asdf/installs/python/3.11.6/lib/python3.11/site-packages/r
endercv/tinytex-release/TinyTeX/texmf-dist/tex/latex/graphics/keyval.sty
Package: keyval 2022/05/29 v1.15 key=value parser (DPC)
\KV@toks@=\toks17
)
(/Users/tejbirwason/.asdf/installs/python/3.11.6/lib/python3.11/site-packages/r
endercv/tinytex-release/TinyTeX/texmf-dist/tex/generic/iftex/ifvtex.sty
Package: ifvtex 2019/10/25 v1.7 ifvtex legacy package. Use iftex instead.

(/Users/tejbirwason/.asdf/installs/python/3.11.6/lib/python3.11/site-packages/r
endercv/tinytex-release/TinyTeX/texmf-dist/tex/generic/iftex/iftex.sty
Package: iftex 2022/02/03 v1.0f TeX engine tests
))
\Gm@cnth=\count196
\Gm@cntv=\count197
\c@Gm@tempcnt=\count198
\Gm@bindingoffset=\dimen141
\Gm@wd@mp=\dimen142
\Gm@odd@mp=\dimen143
\Gm@even@mp=\dimen144
\Gm@layoutwidth=\dimen145
\Gm@layoutheight=\dimen146
\Gm@layouthoffset=\dimen147
\Gm@layoutvoffset=\dimen148
\Gm@dimlist=\toks18
)
(/Users/tejbirwason/.asdf/installs/python/3.11.6/lib/python3.11/site-packages/r
endercv/tinytex-release/TinyTeX/texmf-dist/tex/latex/titlesec/titlesec.sty
Package: titlesec 2023/10/27 v2.16 Sectioning titles
\ttl@box=\box51
\beforetitleunit=\skip50
\aftertitleunit=\skip51
\ttl@plus=\dimen149
\ttl@minus=\dimen150
\ttl@toksa=\toks19
\titlewidth=\dimen151
\titlewidthlast=\dimen152
\titlewidthfirst=\dimen153
)
(/Users/tejbirwason/.asdf/installs/python/3.11.6/lib/python3.11/site-packages/r
endercv/tinytex-release/TinyTeX/texmf-dist/tex/latex/tools/tabularx.sty
Package: tabularx 2023/07/08 v2.11c `tabularx' package (DPC)

(/Users/tejbirwason/.asdf/installs/python/3.11.6/lib/python3.11/site-packages/r
endercv/tinytex-release/TinyTeX/texmf-dist/tex/latex/tools/array.sty
Package: array 2023/10/16 v2.5g Tabular extension package (FMi)
\col@sep=\dimen154
\ar@mcellbox=\box52
\extrarowheight=\dimen155
\NC@list=\toks20
\extratabsurround=\skip52
\backup@length=\skip53
\ar@cellbox=\box53
)
\TX@col@width=\dimen156
\TX@old@table=\dimen157
\TX@old@col=\dimen158
\TX@target=\dimen159
\TX@delta=\dimen160
\TX@cols=\count199
\TX@ftn=\toks21
)
(/Users/tejbirwason/.asdf/installs/python/3.11.6/lib/python3.11/site-packages/r
endercv/tinytex-release/TinyTeX/texmf-dist/tex/latex/xcolor/xcolor.sty
Package: xcolor 2023/11/15 v3.01 LaTeX color extensions (UK)

(/Users/tejbirwason/.asdf/installs/python/3.11.6/lib/python3.11/site-packages/r
endercv/tinytex-release/TinyTeX/texmf-dist/tex/latex/graphics-cfg/color.cfg
File: color.cfg 2016/01/02 v1.6 sample color configuration
)
Package xcolor Info: Driver file: pdftex.def on input line 274.

(/Users/tejbirwason/.asdf/installs/python/3.11.6/lib/python3.11/site-packages/r
endercv/tinytex-release/TinyTeX/texmf-dist/tex/latex/graphics-def/pdftex.def
File: pdftex.def 2024/04/13 v1.2c Graphics/color driver for pdftex
)
(/Users/tejbirwason/.asdf/installs/python/3.11.6/lib/python3.11/site-packages/r
endercv/tinytex-release/TinyTeX/texmf-dist/tex/latex/graphics/mathcolor.ltx)
Package xcolor Info: Model `cmy' substituted by `cmy0' on input line 1350.
Package xcolor Info: Model `hsb' substituted by `rgb' on input line 1354.
Package xcolor Info: Model `RGB' extended on input line 1366.
Package xcolor Info: Model `HTML' substituted by `rgb' on input line 1368.
Package xcolor Info: Model `Hsb' substituted by `hsb' on input line 1369.
Package xcolor Info: Model `tHsb' substituted by `hsb' on input line 1370.
Package xcolor Info: Model `HSB' substituted by `hsb' on input line 1371.
Package xcolor Info: Model `Gray' substituted by `gray' on input line 1372.
Package xcolor Info: Model `wave' substituted by `hsb' on input line 1373.
)
(/Users/tejbirwason/.asdf/installs/python/3.11.6/lib/python3.11/site-packages/r
endercv/tinytex-release/TinyTeX/texmf-dist/tex/latex/graphics/dvipsnam.def
File: dvipsnam.def 2016/06/17 v3.0m Driver-dependent file (DPC,SPQR)
)
(/Users/tejbirwason/.asdf/installs/python/3.11.6/lib/python3.11/site-packages/r
endercv/tinytex-release/TinyTeX/texmf-dist/tex/latex/enumitem/enumitem.sty
Package: enumitem 2019/06/20 v3.9 Customized lists
\labelindent=\skip54
\enit@outerparindent=\dimen161
\enit@toks=\toks22
\enit@inbox=\box54
\enit@count@id=\count266
\enitdp@description=\count267
)
(/Users/tejbirwason/.asdf/installs/python/3.11.6/lib/python3.11/site-packages/r
endercv/tinytex-release/TinyTeX/texmf-dist/tex/latex/fontawesome5/fontawesome5.
sty
(/Users/tejbirwason/.asdf/installs/python/3.11.6/lib/python3.11/site-packages/r
endercv/tinytex-release/TinyTeX/texmf-dist/tex/latex/l3kernel/expl3.sty
Package: expl3 2024-03-14 L3 programming layer (loader) 

(/Users/tejbirwason/.asdf/installs/python/3.11.6/lib/python3.11/site-packages/r
endercv/tinytex-release/TinyTeX/texmf-dist/tex/latex/l3backend/l3backend-pdftex
.def
File: l3backend-pdftex.def 2024-03-14 L3 backend support: PDF output (pdfTeX)
\l__color_backend_stack_int=\count268
\l__pdf_internal_box=\box55
))
Package: fontawesome5 2022/05/02 v5.15.4 Font Awesome 5

(/Users/tejbirwason/.asdf/installs/python/3.11.6/lib/python3.11/site-packages/r
endercv/tinytex-release/TinyTeX/texmf-dist/tex/latex/l3packages/l3keys2e/l3keys
2e.sty
Package: l3keys2e 2024-03-14 LaTeX2e option processing using LaTeX3 keys
)
(/Users/tejbirwason/.asdf/installs/python/3.11.6/lib/python3.11/site-packages/r
endercv/tinytex-release/TinyTeX/texmf-dist/tex/latex/l3packages/xparse/xparse.s
ty
Package: xparse 2024-03-14 L3 Experimental document command parser
)
(/Users/tejbirwason/.asdf/installs/python/3.11.6/lib/python3.11/site-packages/r
endercv/tinytex-release/TinyTeX/texmf-dist/tex/latex/fontawesome5/fontawesome5-
generic-helper.sty
Package: fontawesome5-generic-helper 2022/05/02 v5.15.4 non-uTeX helper for fon
tawesome5

(/Users/tejbirwason/.asdf/installs/python/3.11.6/lib/python3.11/site-packages/r
endercv/tinytex-release/TinyTeX/texmf-dist/tex/latex/fontawesome5/fontawesome5-
mapping.def)))
(/Users/tejbirwason/.asdf/installs/python/3.11.6/lib/python3.11/site-packages/r
endercv/tinytex-release/TinyTeX/texmf-dist/tex/latex/amsmath/amsmath.sty
Package: amsmath 2023/05/13 v2.17o AMS math features
\@mathmargin=\skip55

For additional information on amsmath, use the `?' option.

(/Users/tejbirwason/.asdf/installs/python/3.11.6/lib/python3.11/site-packages/r
endercv/tinytex-release/TinyTeX/texmf-dist/tex/latex/amsmath/amstext.sty
Package: amstext 2021/08/26 v2.01 AMS text

(/Users/tejbirwason/.asdf/installs/python/3.11.6/lib/python3.11/site-packages/r
endercv/tinytex-release/TinyTeX/texmf-dist/tex/latex/amsmath/amsgen.sty
File: amsgen.sty 1999/11/30 v2.0 generic functions
\@emptytoks=\toks23
\ex@=\dimen162
))
(/Users/tejbirwason/.asdf/installs/python/3.11.6/lib/python3.11/site-packages/r
endercv/tinytex-release/TinyTeX/texmf-dist/tex/latex/amsmath/amsbsy.sty
Package: amsbsy 1999/11/29 v1.2d Bold Symbols
\pmbraise@=\dimen163
)
(/Users/tejbirwason/.asdf/installs/python/3.11.6/lib/python3.11/site-packages/r
endercv/tinytex-release/TinyTeX/texmf-dist/tex/latex/amsmath/amsopn.sty
Package: amsopn 2022/04/08 v2.04 operator names
)
\inf@bad=\count269
LaTeX Info: Redefining \frac on input line 234.
\uproot@=\count270
\leftroot@=\count271
LaTeX Info: Redefining \overline on input line 399.
LaTeX Info: Redefining \colon on input line 410.
\classnum@=\count272
\DOTSCASE@=\count273
LaTeX Info: Redefining \ldots on input line 496.
LaTeX Info: Redefining \dots on input line 499.
LaTeX Info: Redefining \cdots on input line 620.
\Mathstrutbox@=\box56
\strutbox@=\box57
LaTeX Info: Redefining \big on input line 722.
LaTeX Info: Redefining \Big on input line 723.
LaTeX Info: Redefining \bigg on input line 724.
LaTeX Info: Redefining \Bigg on input line 725.
\big@size=\dimen164
LaTeX Font Info:    Redeclaring font encoding OML on input line 743.
LaTeX Font Info:    Redeclaring font encoding OMS on input line 744.
\macc@depth=\count274
LaTeX Info: Redefining \bmod on input line 905.
LaTeX Info: Redefining \pmod on input line 910.
LaTeX Info: Redefining \smash on input line 940.
LaTeX Info: Redefining \relbar on input line 970.
LaTeX Info: Redefining \Relbar on input line 971.
\c@MaxMatrixCols=\count275
\dotsspace@=\muskip16
\c@parentequation=\count276
\dspbrk@lvl=\count277
\tag@help=\toks24
\row@=\count278
\column@=\count279
\maxfields@=\count280
\andhelp@=\toks25
\eqnshift@=\dimen165
\alignsep@=\dimen166
\tagshift@=\dimen167
\tagwidth@=\dimen168
\totwidth@=\dimen169
\lineht@=\dimen170
\@envbody=\toks26
\multlinegap=\skip56
\multlinetaggap=\skip57
\mathdisplay@stack=\toks27
LaTeX Info: Redefining \[ on input line 2953.
LaTeX Info: Redefining \] on input line 2954.
)
(/Users/tejbirwason/.asdf/installs/python/3.11.6/lib/python3.11/site-packages/r
endercv/tinytex-release/TinyTeX/texmf-dist/tex/latex/hyperref/hyperref.sty
Package: hyperref 2024-01-20 v7.01h Hypertext links for LaTeX

(/Users/tejbirwason/.asdf/installs/python/3.11.6/lib/python3.11/site-packages/r
endercv/tinytex-release/TinyTeX/texmf-dist/tex/latex/kvsetkeys/kvsetkeys.sty
Package: kvsetkeys 2022-10-05 v1.19 Key value parser (HO)
)
(/Users/tejbirwason/.asdf/installs/python/3.11.6/lib/python3.11/site-packages/r
endercv/tinytex-release/TinyTeX/texmf-dist/tex/generic/kvdefinekeys/kvdefinekey
s.sty
Package: kvdefinekeys 2019-12-19 v1.6 Define keys (HO)
)
(/Users/tejbirwason/.asdf/installs/python/3.11.6/lib/python3.11/site-packages/r
endercv/tinytex-release/TinyTeX/texmf-dist/tex/generic/pdfescape/pdfescape.sty
Package: pdfescape 2019/12/09 v1.15 Implements pdfTeX's escape features (HO)

(/Users/tejbirwason/.asdf/installs/python/3.11.6/lib/python3.11/site-packages/r
endercv/tinytex-release/TinyTeX/texmf-dist/tex/generic/ltxcmds/ltxcmds.sty
Package: ltxcmds 2023-12-04 v1.26 LaTeX kernel commands for general use (HO)
)
(/Users/tejbirwason/.asdf/installs/python/3.11.6/lib/python3.11/site-packages/r
endercv/tinytex-release/TinyTeX/texmf-dist/tex/generic/pdftexcmds/pdftexcmds.st
y
Package: pdftexcmds 2020-06-27 v0.33 Utility functions of pdfTeX for LuaTeX (HO
)

(/Users/tejbirwason/.asdf/installs/python/3.11.6/lib/python3.11/site-packages/r
endercv/tinytex-release/TinyTeX/texmf-dist/tex/generic/infwarerr/infwarerr.sty
Package: infwarerr 2019/12/03 v1.5 Providing info/warning/error messages (HO)
)
Package pdftexcmds Info: \pdf@primitive is available.
Package pdftexcmds Info: \pdf@ifprimitive is available.
Package pdftexcmds Info: \pdfdraftmode found.
))
(/Users/tejbirwason/.asdf/installs/python/3.11.6/lib/python3.11/site-packages/r
endercv/tinytex-release/TinyTeX/texmf-dist/tex/latex/hycolor/hycolor.sty
Package: hycolor 2020-01-27 v1.10 Color options for hyperref/bookmark (HO)
)
(/Users/tejbirwason/.asdf/installs/python/3.11.6/lib/python3.11/site-packages/r
endercv/tinytex-release/TinyTeX/texmf-dist/tex/latex/auxhook/auxhook.sty
Package: auxhook 2019-12-17 v1.6 Hooks for auxiliary files (HO)
)
(/Users/tejbirwason/.asdf/installs/python/3.11.6/lib/python3.11/site-packages/r
endercv/tinytex-release/TinyTeX/texmf-dist/tex/latex/hyperref/nameref.sty
Package: nameref 2023-11-26 v2.56 Cross-referencing by name of section

(/Users/tejbirwason/.asdf/installs/python/3.11.6/lib/python3.11/site-packages/r
endercv/tinytex-release/TinyTeX/texmf-dist/tex/latex/refcount/refcount.sty
Package: refcount 2019/12/15 v3.6 Data extraction from label references (HO)
)
(/Users/tejbirwason/.asdf/installs/python/3.11.6/lib/python3.11/site-packages/r
endercv/tinytex-release/TinyTeX/texmf-dist/tex/generic/gettitlestring/gettitles
tring.sty
Package: gettitlestring 2019/12/15 v1.6 Cleanup title references (HO)

(/Users/tejbirwason/.asdf/installs/python/3.11.6/lib/python3.11/site-packages/r
endercv/tinytex-release/TinyTeX/texmf-dist/tex/latex/kvoptions/kvoptions.sty
Package: kvoptions 2022-06-15 v3.15 Key value format for package options (HO)
))
\c@section@level=\count281
)
(/Users/tejbirwason/.asdf/installs/python/3.11.6/lib/python3.11/site-packages/r
endercv/tinytex-release/TinyTeX/texmf-dist/tex/latex/etoolbox/etoolbox.sty
Package: etoolbox 2020/10/05 v2.5k e-TeX tools for LaTeX (JAW)
\etb@tempcnta=\count282
)
\@linkdim=\dimen171
\Hy@linkcounter=\count283
\Hy@pagecounter=\count284

(/Users/tejbirwason/.asdf/installs/python/3.11.6/lib/python3.11/site-packages/r
endercv/tinytex-release/TinyTeX/texmf-dist/tex/latex/hyperref/pd1enc.def
File: pd1enc.def 2024-01-20 v7.01h Hyperref: PDFDocEncoding definition (HO)
Now handling font encoding PD1 ...
... no UTF-8 mapping file for font encoding PD1
)
(/Users/tejbirwason/.asdf/installs/python/3.11.6/lib/python3.11/site-packages/r
endercv/tinytex-release/TinyTeX/texmf-dist/tex/generic/intcalc/intcalc.sty
Package: intcalc 2019/12/15 v1.3 Expandable calculations with integers (HO)
)
\Hy@SavedSpaceFactor=\count285

(/Users/tejbirwason/.asdf/installs/python/3.11.6/lib/python3.11/site-packages/r
endercv/tinytex-release/TinyTeX/texmf-dist/tex/latex/hyperref/puenc.def
File: puenc.def 2024-01-20 v7.01h Hyperref: PDF Unicode definition (HO)
Now handling font encoding PU ...
... no UTF-8 mapping file for font encoding PU
)
Package hyperref Info: Option `colorlinks' set `true' on input line 4062.
Package hyperref Info: Hyper figures OFF on input line 4179.
Package hyperref Info: Link nesting OFF on input line 4184.
Package hyperref Info: Hyper index ON on input line 4187.
Package hyperref Info: Plain pages OFF on input line 4194.
Package hyperref Info: Backreferencing OFF on input line 4199.
Package hyperref Info: Implicit mode ON; LaTeX internals redefined.
Package hyperref Info: Bookmarks ON on input line 4446.
\c@Hy@tempcnt=\count286

(/Users/tejbirwason/.asdf/installs/python/3.11.6/lib/python3.11/site-packages/r
endercv/tinytex-release/TinyTeX/texmf-dist/tex/latex/url/url.sty
\Urlmuskip=\muskip17
Package: url 2013/09/16  ver 3.4  Verb mode for urls, etc.
)
LaTeX Info: Redefining \url on input line 4784.
\XeTeXLinkMargin=\dimen172

(/Users/tejbirwason/.asdf/installs/python/3.11.6/lib/python3.11/site-packages/r
endercv/tinytex-release/TinyTeX/texmf-dist/tex/generic/bitset/bitset.sty
Package: bitset 2019/12/09 v1.3 Handle bit-vector datatype (HO)

(/Users/tejbirwason/.asdf/installs/python/3.11.6/lib/python3.11/site-packages/r
endercv/tinytex-release/TinyTeX/texmf-dist/tex/generic/bigintcalc/bigintcalc.st
y
Package: bigintcalc 2019/12/15 v1.5 Expandable calculations on big integers (HO
)
))
\Fld@menulength=\count287
\Field@Width=\dimen173
\Fld@charsize=\dimen174
Package hyperref Info: Hyper figures OFF on input line 6063.
Package hyperref Info: Link nesting OFF on input line 6068.
Package hyperref Info: Hyper index ON on input line 6071.
Package hyperref Info: backreferencing OFF on input line 6078.
Package hyperref Info: Link coloring ON on input line 6081.
Package hyperref Info: Link coloring with OCG OFF on input line 6088.
Package hyperref Info: PDF/A mode OFF on input line 6093.

(/Users/tejbirwason/.asdf/installs/python/3.11.6/lib/python3.11/site-packages/r
endercv/tinytex-release/TinyTeX/texmf-dist/tex/latex/base/atbegshi-ltx.sty
Package: atbegshi-ltx 2021/01/10 v1.0c Emulation of the original atbegshi
package with kernel methods
)
\Hy@abspage=\count288
\c@Item=\count289
\c@Hfootnote=\count290
)
Package hyperref Info: Driver (autodetected): hpdftex.

(/Users/tejbirwason/.asdf/installs/python/3.11.6/lib/python3.11/site-packages/r
endercv/tinytex-release/TinyTeX/texmf-dist/tex/latex/hyperref/hpdftex.def
File: hpdftex.def 2024-01-20 v7.01h Hyperref driver for pdfTeX

(/Users/tejbirwason/.asdf/installs/python/3.11.6/lib/python3.11/site-packages/r
endercv/tinytex-release/TinyTeX/texmf-dist/tex/latex/base/atveryend-ltx.sty
Package: atveryend-ltx 2020/08/19 v1.0a Emulation of the original atveryend pac
kage
with kernel methods
)
\Fld@listcount=\count291
\c@bookmark@seq@number=\count292

(/Users/tejbirwason/.asdf/installs/python/3.11.6/lib/python3.11/site-packages/r
endercv/tinytex-release/TinyTeX/texmf-dist/tex/latex/rerunfilecheck/rerunfilech
eck.sty
Package: rerunfilecheck 2022-07-10 v1.10 Rerun checks for auxiliary files (HO)

(/Users/tejbirwason/.asdf/installs/python/3.11.6/lib/python3.11/site-packages/r
endercv/tinytex-release/TinyTeX/texmf-dist/tex/generic/uniquecounter/uniquecoun
ter.sty
Package: uniquecounter 2019/12/15 v1.4 Provide unlimited unique counter (HO)
)
Package uniquecounter Info: New unique counter `rerunfilecheck' on input line 2
85.
)
\Hy@SectionHShift=\skip58
)
(/Users/tejbirwason/.asdf/installs/python/3.11.6/lib/python3.11/site-packages/r
endercv/tinytex-release/TinyTeX/texmf-dist/tex/latex/eso-pic/eso-pic.sty
Package: eso-pic 2023/05/03 v3.0c eso-pic (RN)
\ESO@tempdima=\dimen175
\ESO@tempdimb=\dimen176
)
(/Users/tejbirwason/.asdf/installs/python/3.11.6/lib/python3.11/site-packages/r
endercv/tinytex-release/TinyTeX/texmf-dist/tex/latex/tools/calc.sty
Package: calc 2023/07/08 v4.3 Infix arithmetic (KKT,FJ)
\calc@Acount=\count293
\calc@Bcount=\count294
\calc@Adimen=\dimen177
\calc@Bdimen=\dimen178
\calc@Askip=\skip59
\calc@Bskip=\skip60
LaTeX Info: Redefining \setlength on input line 80.
LaTeX Info: Redefining \addtolength on input line 81.
\calc@Ccount=\count295
\calc@Cskip=\skip61
)
(/Users/tejbirwason/.asdf/installs/python/3.11.6/lib/python3.11/site-packages/r
endercv/tinytex-release/TinyTeX/texmf-dist/tex/latex/bookmark/bookmark.sty
Package: bookmark 2023-12-10 v1.31 PDF bookmarks (HO)

(/Users/tejbirwason/.asdf/installs/python/3.11.6/lib/python3.11/site-packages/r
endercv/tinytex-release/TinyTeX/texmf-dist/tex/latex/bookmark/bkm-pdftex.def
File: bkm-pdftex.def 2023-12-10 v1.31 bookmark driver for pdfTeX and luaTeX (HO
)
\BKM@id=\count296
))
(/Users/tejbirwason/.asdf/installs/python/3.11.6/lib/python3.11/site-packages/r
endercv/tinytex-release/TinyTeX/texmf-dist/tex/latex/lastpage/lastpage.sty
Package: lastpage 2024/04/27 v2.1a lastpage: 2.09 or 2e? (HMM)

(/Users/tejbirwason/.asdf/installs/python/3.11.6/lib/python3.11/site-packages/r
endercv/tinytex-release/TinyTeX/texmf-dist/tex/latex/lastpage/lastpage2e.sty
Package: lastpage2e 2024/04/27 v2.1a Decide which 2e lastpage version to use (H
MM)

(/Users/tejbirwason/.asdf/installs/python/3.11.6/lib/python3.11/site-packages/r
endercv/tinytex-release/TinyTeX/texmf-dist/tex/latex/lastpage/lastpagemodern.st
y
Package: lastpagemodern 2024-04-27 v2.1a Refers to last page's name (HMM; JPG)
\c@lastpagecount=\count297
) 
))
(/Users/tejbirwason/.asdf/installs/python/3.11.6/lib/python3.11/site-packages/r
endercv/tinytex-release/TinyTeX/texmf-dist/tex/latex/changepage/changepage.sty
Package: changepage 2009/10/20 v1.0c check page and change page layout
\c@cp@cntr=\count298
\cp@tempcnt=\count299
)
(/Users/tejbirwason/.asdf/installs/python/3.11.6/lib/python3.11/site-packages/r
endercv/tinytex-release/TinyTeX/texmf-dist/tex/latex/paracol/paracol.sty
Package: paracol 2018/12/31 v1.35 
\pcol@currcol=\count300
\pcol@nextcol=\count301
\pcol@ncol=\count302
\pcol@ncolleft=\count303
\pcol@page=\count304
\pcol@basepage=\count305
\pcol@toppage=\count306
\pcol@footnotebase=\count307
\pcol@nfootnotes=\count308
\pcol@mcid=\count309
\pcol@prevdepth=\dimen179
\pcol@colht=\dimen180
\pcol@textfloatsep=\dimen181
\pcol@lrmargin=\dimen182
\pagerim=\dimen183
\pcol@topskip=\skip62
\belowfootnoteskip=\skip63
\pcol@topfnotes=\box58
\pcol@prespan=\box59
\pcol@rightpage=\box60
\pcol@colorstack@saved=\box61
\pcol@tempboxa=\box62
\pcol@tempboxb=\box63
\pcol@colorins=\insert252
\pcol@everyvbox=\toks28
)
(/Users/tejbirwason/.asdf/installs/python/3.11.6/lib/python3.11/site-packages/r
endercv/tinytex-release/TinyTeX/texmf-dist/tex/latex/base/ifthen.sty
Package: ifthen 2022/04/13 v1.1d Standard LaTeX ifthen package (DPC)
)
(/Users/tejbirwason/.asdf/installs/python/3.11.6/lib/python3.11/site-packages/r
endercv/tinytex-release/TinyTeX/texmf-dist/tex/latex/needspace/needspace.sty
Package: needspace 2010/09/12 v1.3d reserve vertical space
)
(/Users/tejbirwason/.asdf/installs/python/3.11.6/lib/python3.11/site-packages/r
endercv/tinytex-release/TinyTeX/texmf-dist/tex/generic/pdftex/glyphtounicode.te
x)
(/Users/tejbirwason/.asdf/installs/python/3.11.6/lib/python3.11/site-packages/r
endercv/tinytex-release/TinyTeX/texmf-dist/tex/latex/base/fontenc.sty
Package: fontenc 2021/04/29 v2.0v Standard LaTeX package
)
(/Users/tejbirwason/.asdf/installs/python/3.11.6/lib/python3.11/site-packages/r
endercv/tinytex-release/TinyTeX/texmf-dist/tex/latex/base/inputenc.sty
Package: inputenc 2021/02/14 v1.3d Input encoding file
\inpenc@prehook=\toks29
\inpenc@posthook=\toks30
)
(/Users/tejbirwason/.asdf/installs/python/3.11.6/lib/python3.11/site-packages/r
endercv/tinytex-release/TinyTeX/texmf-dist/tex/latex/lm/lmodern.sty
Package: lmodern 2015/05/01 v1.6.1 Latin Modern Fonts
LaTeX Font Info:    Overwriting symbol font `operators' in version `normal'
(Font)                  OT1/cmr/m/n --> OT1/lmr/m/n on input line 22.
LaTeX Font Info:    Overwriting symbol font `letters' in version `normal'
(Font)                  OML/cmm/m/it --> OML/lmm/m/it on input line 23.
LaTeX Font Info:    Overwriting symbol font `symbols' in version `normal'
(Font)                  OMS/cmsy/m/n --> OMS/lmsy/m/n on input line 24.
LaTeX Font Info:    Overwriting symbol font `largesymbols' in version `normal'
(Font)                  OMX/cmex/m/n --> OMX/lmex/m/n on input line 25.
LaTeX Font Info:    Overwriting symbol font `operators' in version `bold'
(Font)                  OT1/cmr/bx/n --> OT1/lmr/bx/n on input line 26.
LaTeX Font Info:    Overwriting symbol font `letters' in version `bold'
(Font)                  OML/cmm/b/it --> OML/lmm/b/it on input line 27.
LaTeX Font Info:    Overwriting symbol font `symbols' in version `bold'
(Font)                  OMS/cmsy/b/n --> OMS/lmsy/b/n on input line 28.
LaTeX Font Info:    Overwriting symbol font `largesymbols' in version `bold'
(Font)                  OMX/cmex/m/n --> OMX/lmex/m/n on input line 29.
LaTeX Font Info:    Overwriting math alphabet `\mathbf' in version `normal'
(Font)                  OT1/cmr/bx/n --> OT1/lmr/bx/n on input line 31.
LaTeX Font Info:    Overwriting math alphabet `\mathsf' in version `normal'
(Font)                  OT1/cmss/m/n --> OT1/lmss/m/n on input line 32.
LaTeX Font Info:    Overwriting math alphabet `\mathit' in version `normal'
(Font)                  OT1/cmr/m/it --> OT1/lmr/m/it on input line 33.
LaTeX Font Info:    Overwriting math alphabet `\mathtt' in version `normal'
(Font)                  OT1/cmtt/m/n --> OT1/lmtt/m/n on input line 34.
LaTeX Font Info:    Overwriting math alphabet `\mathbf' in version `bold'
(Font)                  OT1/cmr/bx/n --> OT1/lmr/bx/n on input line 35.
LaTeX Font Info:    Overwriting math alphabet `\mathsf' in version `bold'
(Font)                  OT1/cmss/bx/n --> OT1/lmss/bx/n on input line 36.
LaTeX Font Info:    Overwriting math alphabet `\mathit' in version `bold'
(Font)                  OT1/cmr/bx/it --> OT1/lmr/bx/it on input line 37.
LaTeX Font Info:    Overwriting math alphabet `\mathtt' in version `bold'
(Font)                  OT1/cmtt/m/n --> OT1/lmtt/m/n on input line 38.
)
(/Users/tejbirwason/.asdf/installs/python/3.11.6/lib/python3.11/site-packages/r
endercv/tinytex-release/TinyTeX/texmf-dist/tex/latex/sourcesanspro/sourcesanspr
o.sty
Package: sourcesanspro 2018/05/19 v2.7 Adobe's Source Sans Pro typeface

(/Users/tejbirwason/.asdf/installs/python/3.11.6/lib/python3.11/site-packages/r
endercv/tinytex-release/TinyTeX/texmf-dist/tex/generic/iftex/ifxetex.sty
Package: ifxetex 2019/10/25 v0.7 ifxetex legacy package. Use iftex instead.
)
(/Users/tejbirwason/.asdf/installs/python/3.11.6/lib/python3.11/site-packages/r
endercv/tinytex-release/TinyTeX/texmf-dist/tex/generic/iftex/ifluatex.sty
Package: ifluatex 2019/10/25 v1.5 ifluatex legacy package. Use iftex instead.
)
(/Users/tejbirwason/.asdf/installs/python/3.11.6/lib/python3.11/site-packages/r
endercv/tinytex-release/TinyTeX/texmf-dist/tex/latex/xkeyval/xkeyval.sty
Package: xkeyval 2022/06/16 v2.9 package option processing (HA)

(/Users/tejbirwason/.asdf/installs/python/3.11.6/lib/python3.11/site-packages/r
endercv/tinytex-release/TinyTeX/texmf-dist/tex/generic/xkeyval/xkeyval.tex
(/Users/tejbirwason/.asdf/installs/python/3.11.6/lib/python3.11/site-packages/r
endercv/tinytex-release/TinyTeX/texmf-dist/tex/generic/xkeyval/xkvutils.tex
\XKV@toks=\toks31
\XKV@tempa@toks=\toks32
)
\XKV@depth=\count310
File: xkeyval.tex 2014/12/03 v2.7a key=value parser (HA)
))
(/Users/tejbirwason/.asdf/installs/python/3.11.6/lib/python3.11/site-packages/r
endercv/tinytex-release/TinyTeX/texmf-dist/tex/latex/base/fontenc.sty
Package: fontenc 2021/04/29 v2.0v Standard LaTeX package

(/Users/tejbirwason/.asdf/installs/python/3.11.6/lib/python3.11/site-packages/r
endercv/tinytex-release/TinyTeX/texmf-dist/tex/latex/ly1/ly1enc.def
File: ly1enc.def 2022/06/11 v0.8 TeX 'n ANSI encoding (DPC/KB)
Now handling font encoding LY1 ...
... processing UTF-8 mapping file for font encoding LY1

(/Users/tejbirwason/.asdf/installs/python/3.11.6/lib/python3.11/site-packages/r
endercv/tinytex-release/TinyTeX/texmf-dist/tex/latex/base/ly1enc.dfu
File: ly1enc.dfu 2022/06/07 v1.3c UTF-8 support
   defining Unicode char U+00A0 (decimal 160)
   defining Unicode char U+00A1 (decimal 161)
   defining Unicode char U+00A2 (decimal 162)
   defining Unicode char U+00A3 (decimal 163)
   defining Unicode char U+00A4 (decimal 164)
   defining Unicode char U+00A5 (decimal 165)
   defining Unicode char U+00A6 (decimal 166)
   defining Unicode char U+00A7 (decimal 167)
   defining Unicode char U+00AA (decimal 170)
   defining Unicode char U+00AB (decimal 171)
   defining Unicode char U+00AD (decimal 173)
   defining Unicode char U+00AE (decimal 174)
   defining Unicode char U+00B0 (decimal 176)
   defining Unicode char U+00B5 (decimal 181)
   defining Unicode char U+00B6 (decimal 182)
   defining Unicode char U+00B7 (decimal 183)
   defining Unicode char U+00BA (decimal 186)
   defining Unicode char U+00BB (decimal 187)
   defining Unicode char U+00BC (decimal 188)
   defining Unicode char U+00BD (decimal 189)
   defining Unicode char U+00BE (decimal 190)
   defining Unicode char U+00BF (decimal 191)
   defining Unicode char U+00C0 (decimal 192)
   defining Unicode char U+00C1 (decimal 193)
   defining Unicode char U+00C2 (decimal 194)
   defining Unicode char U+00C3 (decimal 195)
   defining Unicode char U+00C4 (decimal 196)
   defining Unicode char U+00C5 (decimal 197)
   defining Unicode char U+00C6 (decimal 198)
   defining Unicode char U+00C7 (decimal 199)
   defining Unicode char U+00C8 (decimal 200)
   defining Unicode char U+00C9 (decimal 201)
   defining Unicode char U+00CA (decimal 202)
   defining Unicode char U+00CB (decimal 203)
   defining Unicode char U+00CC (decimal 204)
   defining Unicode char U+00CD (decimal 205)
   defining Unicode char U+00CE (decimal 206)
   defining Unicode char U+00CF (decimal 207)
   defining Unicode char U+00D0 (decimal 208)
   defining Unicode char U+00D1 (decimal 209)
   defining Unicode char U+00D2 (decimal 210)
   defining Unicode char U+00D3 (decimal 211)
   defining Unicode char U+00D4 (decimal 212)
   defining Unicode char U+00D5 (decimal 213)
   defining Unicode char U+00D6 (decimal 214)
   defining Unicode char U+00D8 (decimal 216)
   defining Unicode char U+00D9 (decimal 217)
   defining Unicode char U+00DA (decimal 218)
   defining Unicode char U+00DB (decimal 219)
   defining Unicode char U+00DC (decimal 220)
   defining Unicode char U+00DD (decimal 221)
   defining Unicode char U+00DE (decimal 222)
   defining Unicode char U+00DF (decimal 223)
   defining Unicode char U+00E0 (decimal 224)
   defining Unicode char U+00E1 (decimal 225)
   defining Unicode char U+00E2 (decimal 226)
   defining Unicode char U+00E3 (decimal 227)
   defining Unicode char U+00E4 (decimal 228)
   defining Unicode char U+00E5 (decimal 229)
   defining Unicode char U+00E6 (decimal 230)
   defining Unicode char U+00E7 (decimal 231)
   defining Unicode char U+00E8 (decimal 232)
   defining Unicode char U+00E9 (decimal 233)
   defining Unicode char U+00EA (decimal 234)
   defining Unicode char U+00EB (decimal 235)
   defining Unicode char U+00EC (decimal 236)
   defining Unicode char U+00ED (decimal 237)
   defining Unicode char U+00EE (decimal 238)
   defining Unicode char U+00EF (decimal 239)
   defining Unicode char U+00F0 (decimal 240)
   defining Unicode char U+00F1 (decimal 241)
   defining Unicode char U+00F2 (decimal 242)
   defining Unicode char U+00F3 (decimal 243)
   defining Unicode char U+00F4 (decimal 244)
   defining Unicode char U+00F5 (decimal 245)
   defining Unicode char U+00F6 (decimal 246)
   defining Unicode char U+00F8 (decimal 248)
   defining Unicode char U+00F9 (decimal 249)
   defining Unicode char U+00FA (decimal 250)
   defining Unicode char U+00FB (decimal 251)
   defining Unicode char U+00FC (decimal 252)
   defining Unicode char U+00FD (decimal 253)
   defining Unicode char U+00FE (decimal 254)
   defining Unicode char U+00FF (decimal 255)
   defining Unicode char U+0131 (decimal 305)
   defining Unicode char U+0141 (decimal 321)
   defining Unicode char U+0142 (decimal 322)
   defining Unicode char U+0152 (decimal 338)
   defining Unicode char U+0153 (decimal 339)
   defining Unicode char U+0160 (decimal 352)
   defining Unicode char U+0161 (decimal 353)
   defining Unicode char U+0174 (decimal 372)
   defining Unicode char U+0175 (decimal 373)
   defining Unicode char U+0176 (decimal 374)
   defining Unicode char U+0177 (decimal 375)
   defining Unicode char U+0178 (decimal 376)
   defining Unicode char U+017D (decimal 381)
   defining Unicode char U+017E (decimal 382)
   defining Unicode char U+0192 (decimal 402)
   defining Unicode char U+0218 (decimal 536)
   defining Unicode char U+0219 (decimal 537)
   defining Unicode char U+021A (decimal 538)
   defining Unicode char U+021B (decimal 539)
   defining Unicode char U+0237 (decimal 567)
   defining Unicode char U+02C6 (decimal 710)
   defining Unicode char U+02DC (decimal 732)
   defining Unicode char U+2013 (decimal 8211)
   defining Unicode char U+2014 (decimal 8212)
   defining Unicode char U+201C (decimal 8220)
   defining Unicode char U+201D (decimal 8221)
   defining Unicode char U+2020 (decimal 8224)
   defining Unicode char U+2021 (decimal 8225)
   defining Unicode char U+2022 (decimal 8226)
   defining Unicode char U+2026 (decimal 8230)
   defining Unicode char U+2030 (decimal 8240)
   defining Unicode char U+2039 (decimal 8249)
   defining Unicode char U+203A (decimal 8250)
   defining Unicode char U+2122 (decimal 8482)
   defining Unicode char U+FB00 (decimal 64256)
   defining Unicode char U+FB01 (decimal 64257)
   defining Unicode char U+FB02 (decimal 64258)
   defining Unicode char U+FB03 (decimal 64259)
   defining Unicode char U+FB04 (decimal 64260)
   defining Unicode char U+FB05 (decimal 64261)
   defining Unicode char U+FB06 (decimal 64262)
))
LaTeX Font Info:    Trying to load font information for T1+lmr on input line 11
2.

(/Users/tejbirwason/.asdf/installs/python/3.11.6/lib/python3.11/site-packages/r
endercv/tinytex-release/TinyTeX/texmf-dist/tex/latex/lm/t1lmr.fd
File: t1lmr.fd 2015/05/01 v1.6.1 Font defs for Latin Modern
)))
LaTeX Font Info:    Trying to load font information for T1+SourceSansPro-TLF on
 input line 171.

(/Users/tejbirwason/.asdf/installs/python/3.11.6/lib/python3.11/site-packages/r
endercv/tinytex-release/TinyTeX/texmf-dist/tex/latex/sourcesanspro/T1SourceSans
Pro-TLF.fd
File: T1SourceSansPro-TLF.fd 2020/01/19 (autoinst) Font definitions for T1/Sour
ceSansPro-TLF.
)
LaTeX Font Info:    Font shape `T1/SourceSansPro-TLF/m/n' aliased to
(Font)              `T1/SourceSansPro-TLF/regular/n' on input line 171.
LaTeX Font Info:    Font shape `T1/SourceSansPro-TLF/regular/n' will be
(Font)              scaled to size 10.0pt on input line 171.
 (./tj_CV.aux)
\openout1 = `tj_CV.aux'.

LaTeX Font Info:    Checking defaults for OML/cmm/m/it on input line 171.
LaTeX Font Info:    ... okay on input line 171.
LaTeX Font Info:    Checking defaults for OMS/cmsy/m/n on input line 171.
LaTeX Font Info:    ... okay on input line 171.
LaTeX Font Info:    Checking defaults for OT1/cmr/m/n on input line 171.
LaTeX Font Info:    ... okay on input line 171.
LaTeX Font Info:    Checking defaults for T1/cmr/m/n on input line 171.
LaTeX Font Info:    ... okay on input line 171.
LaTeX Font Info:    Checking defaults for TS1/cmr/m/n on input line 171.
LaTeX Font Info:    ... okay on input line 171.
LaTeX Font Info:    Checking defaults for OMX/cmex/m/n on input line 171.
LaTeX Font Info:    ... okay on input line 171.
LaTeX Font Info:    Checking defaults for U/cmr/m/n on input line 171.
LaTeX Font Info:    ... okay on input line 171.
LaTeX Font Info:    Checking defaults for PD1/pdf/m/n on input line 171.
LaTeX Font Info:    ... okay on input line 171.
LaTeX Font Info:    Checking defaults for PU/pdf/m/n on input line 171.
LaTeX Font Info:    ... okay on input line 171.
LaTeX Font Info:    Checking defaults for LY1/ptm/m/n on input line 171.
LaTeX Font Info:    Trying to load font information for LY1+ptm on input line 1
71.

(/Users/tejbirwason/.asdf/installs/python/3.11.6/lib/python3.11/site-packages/r
endercv/tinytex-release/TinyTeX/texmf-dist/tex/latex/ly1/ly1ptm.fd
File: ly1ptm.fd 2001/02/01 font definitions for LY1/ptm using Berry names.
)
LaTeX Font Info:    ... okay on input line 171.

*geometry* driver: auto-detecting
*geometry* detected driver: pdftex
*geometry* verbose mode - [ preamble ] result:
* driver: pdftex
* paper: letterpaper
* layout: <same size as paper>
* layoutoffset:(h,v)=(0.0pt,0.0pt)
* modes: 
* h-part:(L,W,R)=(28.45274pt, 557.38951pt, 28.45274pt)
* v-part:(T,H,B)=(28.45274pt, 738.0645pt, 28.45274pt)
* \paperwidth=614.295pt
* \paperheight=794.96999pt
* \textwidth=557.38951pt
* \textheight=738.0645pt
* \oddsidemargin=-43.81725pt
* \evensidemargin=-43.81725pt
* \topmargin=-80.81725pt
* \headheight=12.0pt
* \headsep=25.0pt
* \topskip=0.0pt
* \footskip=14.22636pt
* \marginparwidth=65.0pt
* \marginparsep=11.0pt
* \columnsep=4.26773pt
* \skip\footins=9.0pt plus 4.0pt minus 2.0pt
* \hoffset=0.0pt
* \voffset=0.0pt
* \mag=1000
* \@twocolumnfalse
* \@twosidefalse
* \@mparswitchfalse
* \@reversemarginfalse
* (1in=72.27pt=25.4mm, 1cm=28.453pt)

Package hyperref Info: Link coloring ON on input line 171.
\ANDbox=\box64
LaTeX Font Info:    Font shape `T1/SourceSansPro-TLF/b/n' aliased to
(Font)              `T1/SourceSansPro-TLF/bold/n' on input line 182.
LaTeX Font Info:    Font shape `T1/SourceSansPro-TLF/bold/n' will be
(Font)              scaled to size 30.0pt on input line 182.
LaTeX Font Info:    Font shape `T1/SourceSansPro-TLF/m/n' aliased to
(Font)              `T1/SourceSansPro-TLF/regular/n' on input line 187.
LaTeX Font Info:    Font shape `T1/SourceSansPro-TLF/regular/n' will be
(Font)              scaled to size 8.0pt on input line 187.
LaTeX Font Info:    Trying to load font information for U+fontawesomefree2 on i
nput line 187.

(/Users/tejbirwason/.asdf/installs/python/3.11.6/lib/python3.11/site-packages/r
endercv/tinytex-release/TinyTeX/texmf-dist/tex/latex/fontawesome5/ufontawesomef
ree2.fd)
LaTeX Font Info:    Trying to load font information for U+fontawesomefree1 on i
nput line 191.

(/Users/tejbirwason/.asdf/installs/python/3.11.6/lib/python3.11/site-packages/r
endercv/tinytex-release/TinyTeX/texmf-dist/tex/latex/fontawesome5/ufontawesomef
ree1.fd)
LaTeX Font Info:    Trying to load font information for U+fontawesomebrands0 on
 input line 203.

(/Users/tejbirwason/.asdf/installs/python/3.11.6/lib/python3.11/site-packages/r
endercv/tinytex-release/TinyTeX/texmf-dist/tex/latex/fontawesome5/ufontawesomeb
rands0.fd)
LaTeX Font Info:    Font shape `U/fontawesomebrands0/solid/n' in size <8> not a
vailable
(Font)              Font shape `U/fontawesomebrands0/regular/n' tried instead o
n input line 203.
LaTeX Font Info:    Font shape `T1/SourceSansPro-TLF/m/n' aliased to
(Font)              `T1/SourceSansPro-TLF/regular/n' on input line 213.
LaTeX Font Info:    Font shape `T1/SourceSansPro-TLF/regular/n' will be
(Font)              scaled to size 14.4pt on input line 213.
LaTeX Font Info:    Font shape `T1/SourceSansPro-TLF/b/n' aliased to
(Font)              `T1/SourceSansPro-TLF/bold/n' on input line 213.
LaTeX Font Info:    Font shape `T1/SourceSansPro-TLF/bold/n' will be
(Font)              scaled to size 14.4pt on input line 213.
LaTeX Font Info:    Font shape `T1/SourceSansPro-TLF/b/n' aliased to
(Font)              `T1/SourceSansPro-TLF/bold/n' on input line 219.
LaTeX Font Info:    Font shape `T1/SourceSansPro-TLF/bold/n' will be
(Font)              scaled to size 10.0pt on input line 219.
LaTeX Font Info:    Font shape `T1/SourceSansPro-TLF/m/it' aliased to
(Font)              `T1/SourceSansPro-TLF/regular/it' on input line 225.
LaTeX Font Info:    Font shape `T1/SourceSansPro-TLF/regular/it' will be
(Font)              scaled to size 10.0pt on input line 225.
LaTeX Font Info:    Font shape `T1/SourceSansPro-TLF/b/n' aliased to
(Font)              `T1/SourceSansPro-TLF/bold/n' on input line 225.
LaTeX Font Info:    Font shape `T1/SourceSansPro-TLF/bold/n' will be
(Font)              scaled to size 8.0pt on input line 225.
LaTeX Font Info:    Trying to load font information for TS1+SourceSansPro-TLF o
n input line 236.

(/Users/tejbirwason/.asdf/installs/python/3.11.6/lib/python3.11/site-packages/r
endercv/tinytex-release/TinyTeX/texmf-dist/tex/latex/sourcesanspro/TS1SourceSan
sPro-TLF.fd
File: TS1SourceSansPro-TLF.fd 2020/01/19 (autoinst) Font definitions for TS1/So
urceSansPro-TLF.
)
LaTeX Font Info:    Font shape `TS1/SourceSansPro-TLF/m/n' aliased to
(Font)              `TS1/SourceSansPro-TLF/regular/n' on input line 236.
LaTeX Font Info:    Font shape `TS1/SourceSansPro-TLF/regular/n' will be
(Font)              scaled to size 10.0pt on input line 236.

Overfull \hbox (2.7379pt too wide) in paragraph at lines 259--260
[]\T1/SourceSansPro-TLF/bold/n/10 Coursework: \T1/SourceSansPro-TLF/regular/n/1
0 Com-puter Ar-chi-tec-ture, Ar-ti-fi-cial In-tel-li-gence, Com-par-i-son of Le
arn-ing Al-go-rithms,
 []

LaTeX Font Info:    Trying to load font information for OT1+lmr on input line 3
17.

(/Users/tejbirwason/.asdf/installs/python/3.11.6/lib/python3.11/site-packages/r
endercv/tinytex-release/TinyTeX/texmf-dist/tex/latex/lm/ot1lmr.fd
File: ot1lmr.fd 2015/05/01 v1.6.1 Font defs for Latin Modern
)
LaTeX Font Info:    Trying to load font information for OML+lmm on input line 3
17.

(/Users/tejbirwason/.asdf/installs/python/3.11.6/lib/python3.11/site-packages/r
endercv/tinytex-release/TinyTeX/texmf-dist/tex/latex/lm/omllmm.fd
File: omllmm.fd 2015/05/01 v1.6.1 Font defs for Latin Modern
)
LaTeX Font Info:    Trying to load font information for OMS+lmsy on input line 
317.

(/Users/tejbirwason/.asdf/installs/python/3.11.6/lib/python3.11/site-packages/r
endercv/tinytex-release/TinyTeX/texmf-dist/tex/latex/lm/omslmsy.fd
File: omslmsy.fd 2015/05/01 v1.6.1 Font defs for Latin Modern
)
LaTeX Font Info:    Trying to load font information for OMX+lmex on input line 
317.

(/Users/tejbirwason/.asdf/installs/python/3.11.6/lib/python3.11/site-packages/r
endercv/tinytex-release/TinyTeX/texmf-dist/tex/latex/lm/omxlmex.fd
File: omxlmex.fd 2015/05/01 v1.6.1 Font defs for Latin Modern
)
LaTeX Font Info:    External font `lmex10' loaded for size
(Font)              <10> on input line 317.
LaTeX Font Info:    External font `lmex10' loaded for size
(Font)              <7> on input line 317.
LaTeX Font Info:    External font `lmex10' loaded for size
(Font)              <5> on input line 317.
LaTeX Font Info:    Font shape `T1/SourceSansPro-TLF/b/it' aliased to
(Font)              `T1/SourceSansPro-TLF/bold/it' on input line 354.
LaTeX Font Info:    Font shape `T1/SourceSansPro-TLF/bold/it' will be
(Font)              scaled to size 10.0pt on input line 354.

Overfull \hbox (4.40251pt too wide) in paragraph at lines 373--374
[]\T1/SourceSansPro-TLF/regular/n/10 Developed an elec-tronic class-room where 
mul-ti-ple users can view and si-mul-ta-ne-ously draw on a "chalk-
 []

LaTeX Font Info:    Font shape `T1/SourceSansPro-TLF/m/it' aliased to
(Font)              `T1/SourceSansPro-TLF/regular/it' on input line 389.
LaTeX Font Info:    Font shape `T1/SourceSansPro-TLF/regular/it' will be
(Font)              scaled to size 9.0pt on input line 389.
LaTeX Font Info:    Font shape `T1/SourceSansPro-TLF/m/n' aliased to
(Font)              `T1/SourceSansPro-TLF/regular/n' on input line 389.
LaTeX Font Info:    Font shape `T1/SourceSansPro-TLF/regular/n' will be
(Font)              scaled to size 9.0pt on input line 389.
[1

{/Users/tejbirwason/.asdf/installs/python/3.11.6/lib/python3.11/site-packages/r
endercv/tinytex-release/TinyTeX/texmf-var/fonts/map/pdftex/updmap/pdftex.map}{/
Users/tejbirwason/.asdf/installs/python/3.11.6/lib/python3.11/site-packages/ren
dercv/tinytex-release/TinyTeX/texmf-dist/fonts/enc/dvips/sourcesanspro/a_emkxm5
.enc}{/Users/tejbirwason/.asdf/installs/python/3.11.6/lib/python3.11/site-packa
ges/rendercv/tinytex-release/TinyTeX/texmf-dist/fonts/enc/dvips/fontawesome5/fa
5free2.enc}{/Users/tejbirwason/.asdf/installs/python/3.11.6/lib/python3.11/site
-packages/rendercv/tinytex-release/TinyTeX/texmf-dist/fonts/enc/dvips/fontaweso
me5/fa5free1.enc}{/Users/tejbirwason/.asdf/installs/python/3.11.6/lib/python3.1
1/site-packages/rendercv/tinytex-release/TinyTeX/texmf-dist/fonts/enc/dvips/fon
tawesome5/fa5brands0.enc}{/Users/tejbirwason/.asdf/installs/python/3.11.6/lib/p
ython3.11/site-packages/rendercv/tinytex-release/TinyTeX/texmf-dist/fonts/enc/d
vips/sourcesanspro/a_5ponh6.enc}{/Users/tejbirwason/.asdf/installs/python/3.11.
6/lib/python3.11/site-packages/rendercv/tinytex-release/TinyTeX/texmf-dist/font
s/enc/dvips/lm/lm-mathsy.enc}{/Users/tejbirwason/.asdf/installs/python/3.11.6/l
ib/python3.11/site-packages/rendercv/tinytex-release/TinyTeX/texmf-dist/fonts/e
nc/dvips/lm/lm-rm.enc}{/Users/tejbirwason/.asdf/installs/python/3.11.6/lib/pyth
on3.11/site-packages/rendercv/tinytex-release/TinyTeX/texmf-dist/fonts/enc/dvip
s/lm/lm-mathit.enc}] [2]

enddocument/afterlastpage: lastpage setting LastPage.
(./tj_CV.aux)
 ***********
LaTeX2e <2023-11-01> patch level 1
L3 programming layer <2024-03-14>
 ***********
 ) 
Here is how much of TeX's memory you used:
 15872 strings out of 476002
 293568 string characters out of 5788363
 1964496 words of memory out of 5000000
 37749 multiletter control sequences out of 15000+600000
 676062 words of font info for 72 fonts, out of 8000000 for 9000
 36 hyphenation exceptions out of 8191
 75i,10n,79p,504b,792s stack positions out of 10000i,1000n,20000p,200000b,200000s
</Users/tejbirwason/.asdf/installs/python/3.11.6/lib/python3.11/site-packages
/rendercv/tinytex-release/TinyTeX/texmf-dist/fonts/type1/public/fontawesome5/Fo
ntAwesome5Brands-Regular.pfb></Users/tejbirwason/.asdf/installs/python/3.11.6/l
ib/python3.11/site-packages/rendercv/tinytex-release/TinyTeX/texmf-dist/fonts/t
ype1/public/fontawesome5/FontAwesome5Free-Regular.pfb></Users/tejbirwason/.asdf
/installs/python/3.11.6/lib/python3.11/site-packages/rendercv/tinytex-release/T
inyTeX/texmf-dist/fonts/type1/public/fontawesome5/FontAwesome5Free-Solid.pfb></
Users/tejbirwason/.asdf/installs/python/3.11.6/lib/python3.11/site-packages/ren
dercv/tinytex-release/TinyTeX/texmf-dist/fonts/type1/adobe/sourcesanspro/Source
SansPro-Bold.pfb></Users/tejbirwason/.asdf/installs/python/3.11.6/lib/python3.1
1/site-packages/rendercv/tinytex-release/TinyTeX/texmf-dist/fonts/type1/adobe/s
ourcesanspro/SourceSansPro-BoldIt.pfb></Users/tejbirwason/.asdf/installs/python
/3.11.6/lib/python3.11/site-packages/rendercv/tinytex-release/TinyTeX/texmf-dis
t/fonts/type1/adobe/sourcesanspro/SourceSansPro-It.pfb></Users/tejbirwason/.asd
f/installs/python/3.11.6/lib/python3.11/site-packages/rendercv/tinytex-release/
TinyTeX/texmf-dist/fonts/type1/adobe/sourcesanspro/SourceSansPro-Regular.pfb></
Users/tejbirwason/.asdf/installs/python/3.11.6/lib/python3.11/site-packages/ren
dercv/tinytex-release/TinyTeX/texmf-dist/fonts/type1/public/lm/lmmi10.pfb></Use
rs/tejbirwason/.asdf/installs/python/3.11.6/lib/python3.11/site-packages/render
cv/tinytex-release/TinyTeX/texmf-dist/fonts/type1/public/lm/lmr10.pfb></Users/t
ejbirwason/.asdf/installs/python/3.11.6/lib/python3.11/site-packages/rendercv/t
inytex-release/TinyTeX/texmf-dist/fonts/type1/public/lm/lmr7.pfb></Users/tejbir
wason/.asdf/installs/python/3.11.6/lib/python3.11/site-packages/rendercv/tinyte
x-release/TinyTeX/texmf-dist/fonts/type1/public/lm/lmsy10.pfb>
Output written on tj_CV.pdf (2 pages, 322732 bytes).
PDF statistics:
 135 PDF objects out of 1000 (max. 8388607)
 105 compressed objects within 2 object streams
 11 named destinations out of 1000 (max. 500000)
 65 words of extra memory for PDF output out of 10000 (max. 10000000)

